<?xml version="1.0" encoding="UTF-8"?>
<!-- Generated by org.testng.reporters.JUnitReportReporter -->
<testsuite hostname="LAPTOP-BIM2FR3V" failures="0" tests="1" name="testScenarios.SwitchingWin" time="8.317" errors="0" timestamp="2024-08-30T05:16:51 IST" skipped="0">
  <testcase classname="testScenarios.SwitchingWin" name="switchWind" time="8.317"/>
  <system-out/>
</testsuite> <!-- testScenarios.SwitchingWin -->
