<?xml version="1.0" encoding="UTF-8"?>
<!-- Generated by org.testng.reporters.JUnitReportReporter -->
<testsuite hostname="LAPTOP-BIM2FR3V" failures="0" tests="1" name="testScenarios.MouseActions" time="9.913" errors="0" timestamp="2024-08-30T05:16:51 IST" skipped="0">
  <testcase classname="testScenarios.MouseActions" name="dragAnddrop" time="9.913"/>
  <system-out/>
</testsuite> <!-- testScenarios.MouseActions -->
