<?xml version="1.0" encoding="UTF-8"?>
<!-- Generated by org.testng.reporters.JUnitReportReporter -->
<testsuite hostname="LAPTOP-BIM2FR3V" failures="0" tests="1" name="testScenarios.MultipleListBox" time="10.701" errors="0" timestamp="2024-08-31T05:44:31 IST" skipped="0">
  <testcase classname="testScenarios.MultipleListBox" name="multiList" time="10.701">
    <system-out>
      <![CDATA[Passed]]>
    </system-out>
  </testcase> <!-- multiList -->
  <system-out>
    <![CDATA[Passed]]>
  </system-out>
</testsuite> <!-- testScenarios.MultipleListBox -->
