<?xml version="1.0" encoding="UTF-8"?>
<!-- Generated by org.testng.reporters.JUnitReportReporter -->
<testsuite hostname="LAPTOP-BIM2FR3V" failures="0" tests="1" name="testScenarios.HandlingDynData" time="5.415" errors="0" timestamp="2024-08-31T05:44:31 IST" skipped="0">
  <testcase classname="testScenarios.HandlingDynData" name="dynDataMath" time="5.415"/>
  <system-out>
    <![CDATA[Passed]]>
  </system-out>
</testsuite> <!-- testScenarios.HandlingDynData -->
